1755091447686,pool-1-thread-2,C0106,P1106,NEW->IN_PROGRESS,attempt=0
1755091447686,pool-1-thread-4,C0109,P1109,NEW->IN_PROGRESS,attempt=0
1755091447686,pool-1-thread-7,C0108,P1108,NEW->IN_PROGRESS,attempt=0
1755091447686,pool-1-thread-3,C0065,P1065,NEW->IN_PROGRESS,attempt=0
1755091447686,pool-1-thread-1,C0104,P1104,NEW->IN_PROGRESS,attempt=0
1755091447686,pool-1-thread-8,C0103,P1103,NEW->IN_PROGRESS,attempt=0
1755091447687,pool-1-thread-6,C0068,P1068,NEW->IN_PROGRESS,attempt=0
1755091447686,pool-1-thread-5,C0107,P1107,NEW->IN_PROGRESS,attempt=0
1755091447976,pool-1-thread-6,C0068,P1068,IN_PROGRESS->APPROVED,attempt=0
1755091447977,pool-1-thread-6,C0110,P1110,NEW->IN_PROGRESS,attempt=0
1755091448065,pool-1-thread-4,C0109,P1109,IN_PROGRESS->APPROVED,attempt=0
1755091448065,pool-1-thread-4,C0116,P1116,NEW->IN_PROGRESS,attempt=0
1755091448238,pool-1-thread-1,C0104,P1104,IN_PROGRESS->APPROVED,attempt=0
1755091448238,pool-1-thread-1,C0113,P1113,NEW->IN_PROGRESS,attempt=0
1755091448305,pool-1-thread-6,C0110,P1110,IN_PROGRESS->FAILED_PERMANENT,attempt=0
1755091448305,pool-1-thread-6,C0050,P1050,NEW->IN_PROGRESS,attempt=0
1755091448336,pool-1-thread-7,C0108,P1108,IN_PROGRESS->APPROVED,attempt=0
1755091448336,pool-1-thread-7,C0017,P1017,NEW->IN_PROGRESS,attempt=0
1755091448363,pool-1-thread-2,C0106,P1106,IN_PROGRESS->ESCALATED,attempt=0
1755091448363,pool-1-thread-2,C0064,P1064,NEW->IN_PROGRESS,attempt=0
1755091448442,pool-1-thread-5,C0107,P1107,IN_PROGRESS->APPROVED,attempt=0
1755091448443,pool-1-thread-5,C0045,P1045,NEW->IN_PROGRESS,attempt=0
1755091448488,pool-1-thread-8,C0103,P1103,IN_PROGRESS->APPROVED,attempt=0
1755091448489,pool-1-thread-8,C0099,P1099,NEW->IN_PROGRESS,attempt=0
1755091448561,pool-1-thread-7,C0017,P1017,IN_PROGRESS->FAILED_PERMANENT,attempt=0
1755091448562,pool-1-thread-7,C0077,P1077,NEW->IN_PROGRESS,attempt=0
1755091448616,pool-1-thread-4,C0116,P1116,IN_PROGRESS->APPROVED,attempt=0
1755091448617,pool-1-thread-4,C0018,P1018,NEW->IN_PROGRESS,attempt=0
1755091448640,pool-1-thread-3,C0065,P1065,IN_PROGRESS->NEW,attempt=1
1755091448640,pool-1-thread-3,C0028,P1028,NEW->IN_PROGRESS,attempt=0
1755091448789,pool-1-thread-2,C0064,P1064,IN_PROGRESS->APPROVED,attempt=0
1755091448789,pool-1-thread-2,C0065,P1065,NEW->IN_PROGRESS,attempt=1
1755091448835,pool-1-thread-7,C0077,P1077,IN_PROGRESS->NEW,attempt=1
1755091448835,pool-1-thread-7,C0062,P1062,NEW->IN_PROGRESS,attempt=0
1755091448910,pool-1-thread-2,C0065,P1065,IN_PROGRESS->NEW,attempt=2
1755091448911,pool-1-thread-2,C0077,P1077,NEW->IN_PROGRESS,attempt=1
1755091449004,pool-1-thread-5,C0045,P1045,IN_PROGRESS->APPROVED,attempt=0
1755091449005,pool-1-thread-5,C0065,P1065,NEW->IN_PROGRESS,attempt=2
1755091449036,pool-1-thread-4,C0018,P1018,IN_PROGRESS->APPROVED,attempt=0
1755091449036,pool-1-thread-4,C0001,P1001,NEW->IN_PROGRESS,attempt=0
1755091449198,pool-1-thread-1,C0113,P1113,IN_PROGRESS->NEW,attempt=1
1755091449198,pool-1-thread-1,C0111,P1111,NEW->IN_PROGRESS,attempt=0
1755091449303,pool-1-thread-3,C0028,P1028,IN_PROGRESS->APPROVED,attempt=0
1755091449304,pool-1-thread-3,C0113,P1113,NEW->IN_PROGRESS,attempt=1
1755091449403,pool-1-thread-6,C0050,P1050,IN_PROGRESS->NEW,attempt=1
1755091449403,pool-1-thread-6,C0055,P1055,NEW->IN_PROGRESS,attempt=0
1755091449472,pool-1-thread-5,C0065,P1065,IN_PROGRESS->FAILED_PERMANENT,attempt=2
1755091449472,pool-1-thread-5,C0050,P1050,NEW->IN_PROGRESS,attempt=1
1755091449498,pool-1-thread-8,C0099,P1099,IN_PROGRESS->NEW,attempt=1
1755091449499,pool-1-thread-8,C0007,P1007,NEW->IN_PROGRESS,attempt=0
1755091449517,pool-1-thread-7,C0062,P1062,IN_PROGRESS->APPROVED,attempt=0
1755091449517,pool-1-thread-7,C0099,P1099,NEW->IN_PROGRESS,attempt=1
1755091449706,pool-1-thread-3,C0113,P1113,IN_PROGRESS->APPROVED,attempt=1
1755091449706,pool-1-thread-3,C0005,P1005,NEW->IN_PROGRESS,attempt=0
1755091449711,pool-1-thread-2,C0077,P1077,IN_PROGRESS->APPROVED,attempt=1
1755091449711,pool-1-thread-2,C0089,P1089,NEW->IN_PROGRESS,attempt=0
1755091449825,pool-1-thread-1,C0111,P1111,IN_PROGRESS->APPROVED,attempt=0
1755091449826,pool-1-thread-1,C0037,P1037,NEW->IN_PROGRESS,attempt=0
1755091449938,pool-1-thread-7,C0099,P1099,IN_PROGRESS->APPROVED,attempt=1
1755091449938,pool-1-thread-7,C0093,P1093,NEW->IN_PROGRESS,attempt=0
1755091449989,pool-1-thread-5,C0050,P1050,IN_PROGRESS->NEW,attempt=2
1755091449990,pool-1-thread-5,C0070,P1070,NEW->IN_PROGRESS,attempt=0
1755091450065,pool-1-thread-4,C0001,P1001,IN_PROGRESS->NEW,attempt=1
1755091450065,pool-1-thread-4,C0050,P1050,NEW->IN_PROGRESS,attempt=2
1755091450148,pool-1-thread-6,C0055,P1055,IN_PROGRESS->APPROVED,attempt=0
1755091450149,pool-1-thread-6,C0001,P1001,NEW->IN_PROGRESS,attempt=1
1755091450385,pool-1-thread-8,C0007,P1007,IN_PROGRESS->NEW,attempt=1
1755091450385,pool-1-thread-8,C0053,P1053,NEW->IN_PROGRESS,attempt=0
1755091450423,pool-1-thread-7,C0093,P1093,IN_PROGRESS->APPROVED,attempt=0
1755091450423,pool-1-thread-7,C0007,P1007,NEW->IN_PROGRESS,attempt=1
1755091450465,pool-1-thread-3,C0005,P1005,IN_PROGRESS->APPROVED,attempt=0
1755091450466,pool-1-thread-3,C0086,P1086,NEW->IN_PROGRESS,attempt=0
1755091450510,pool-1-thread-1,C0037,P1037,IN_PROGRESS->APPROVED,attempt=0
1755091450510,pool-1-thread-1,C0066,P1066,NEW->IN_PROGRESS,attempt=0
1755091450597,pool-1-thread-5,C0070,P1070,IN_PROGRESS->APPROVED,attempt=0
1755091450597,pool-1-thread-5,C0118,P1118,NEW->IN_PROGRESS,attempt=0
1755091450642,pool-1-thread-2,C0089,P1089,IN_PROGRESS->NEW,attempt=1
1755091450642,pool-1-thread-2,C0088,P1088,NEW->IN_PROGRESS,attempt=0
1755091450708,pool-1-thread-4,C0050,P1050,IN_PROGRESS->NEW,attempt=3
1755091450708,pool-1-thread-4,C0089,P1089,NEW->IN_PROGRESS,attempt=1
1755091450716,pool-1-thread-3,C0086,P1086,IN_PROGRESS->APPROVED,attempt=0
1755091450716,pool-1-thread-3,C0029,P1029,NEW->IN_PROGRESS,attempt=0
1755091450854,pool-1-thread-1,C0066,P1066,IN_PROGRESS->APPROVED,attempt=0
1755091450854,pool-1-thread-1,C0050,P1050,NEW->IN_PROGRESS,attempt=3
1755091450875,pool-1-thread-6,C0001,P1001,IN_PROGRESS->APPROVED,attempt=1
1755091450875,pool-1-thread-6,C0039,P1039,NEW->IN_PROGRESS,attempt=0
1755091451057,pool-1-thread-1,C0050,P1050,IN_PROGRESS->ESCALATED,attempt=3
1755091451058,pool-1-thread-1,C0025,P1025,NEW->IN_PROGRESS,attempt=0
1755091451087,pool-1-thread-8,C0053,P1053,IN_PROGRESS->APPROVED,attempt=0
1755091451087,pool-1-thread-8,C0015,P1015,NEW->IN_PROGRESS,attempt=0
1755091451176,pool-1-thread-7,C0007,P1007,IN_PROGRESS->APPROVED,attempt=1
1755091451177,pool-1-thread-7,C0020,P1020,NEW->IN_PROGRESS,attempt=0
1755091451251,pool-1-thread-1,C0025,P1025,IN_PROGRESS->APPROVED,attempt=0
1755091451251,pool-1-thread-1,C0024,P1024,NEW->IN_PROGRESS,attempt=0
1755091451310,pool-1-thread-2,C0088,P1088,IN_PROGRESS->NEW,attempt=1
1755091451310,pool-1-thread-2,C0115,P1115,NEW->IN_PROGRESS,attempt=0
1755091451343,pool-1-thread-5,C0118,P1118,IN_PROGRESS->APPROVED,attempt=0
1755091451344,pool-1-thread-5,C0088,P1088,NEW->IN_PROGRESS,attempt=1
1755091451650,pool-1-thread-3,C0029,P1029,IN_PROGRESS->NEW,attempt=1
1755091451651,pool-1-thread-3,C0035,P1035,NEW->IN_PROGRESS,attempt=0
1755091451669,pool-1-thread-5,C0088,P1088,IN_PROGRESS->APPROVED,attempt=1
1755091451669,pool-1-thread-5,C0029,P1029,NEW->IN_PROGRESS,attempt=1
1755091451702,pool-1-thread-7,C0020,P1020,IN_PROGRESS->ESCALATED,attempt=0
1755091451702,pool-1-thread-7,C0016,P1016,NEW->IN_PROGRESS,attempt=0
1755091451791,pool-1-thread-8,C0015,P1015,IN_PROGRESS->APPROVED,attempt=0
1755091451791,pool-1-thread-8,C0087,P1087,NEW->IN_PROGRESS,attempt=0
1755091451794,pool-1-thread-4,C0089,P1089,IN_PROGRESS->NEW,attempt=2
1755091451795,pool-1-thread-4,C0084,P1084,NEW->IN_PROGRESS,attempt=0
1755091451849,pool-1-thread-3,C0035,P1035,IN_PROGRESS->APPROVED,attempt=0
1755091451849,pool-1-thread-3,C0089,P1089,NEW->IN_PROGRESS,attempt=2
1755091451857,pool-1-thread-6,C0039,P1039,IN_PROGRESS->NEW,attempt=1
1755091451858,pool-1-thread-6,C0102,P1102,NEW->IN_PROGRESS,attempt=0
1755091452019,pool-1-thread-8,C0087,P1087,IN_PROGRESS->NEW,attempt=1
1755091452020,pool-1-thread-8,C0039,P1039,NEW->IN_PROGRESS,attempt=1
1755091452038,pool-1-thread-1,C0024,P1024,IN_PROGRESS->ESCALATED,attempt=0
1755091452039,pool-1-thread-1,C0087,P1087,NEW->IN_PROGRESS,attempt=1
1755091452045,pool-1-thread-2,C0115,P1115,IN_PROGRESS->APPROVED,attempt=0
1755091452045,pool-1-thread-2,C0076,P1076,NEW->IN_PROGRESS,attempt=0
1755091452136,pool-1-thread-7,C0016,P1016,IN_PROGRESS->APPROVED,attempt=0
1755091452137,pool-1-thread-7,C0095,P1095,NEW->IN_PROGRESS,attempt=0
1755091452306,pool-1-thread-6,C0102,P1102,IN_PROGRESS->APPROVED,attempt=0
1755091452306,pool-1-thread-6,C0073,P1073,NEW->IN_PROGRESS,attempt=0
1755091452316,pool-1-thread-7,C0095,P1095,IN_PROGRESS->APPROVED,attempt=0
1755091452317,pool-1-thread-7,C0012,P1012,NEW->IN_PROGRESS,attempt=0
1755091452402,pool-1-thread-5,C0029,P1029,IN_PROGRESS->APPROVED,attempt=1
1755091452402,pool-1-thread-5,C0075,P1075,NEW->IN_PROGRESS,attempt=0
1755091452471,pool-1-thread-3,C0089,P1089,IN_PROGRESS->ESCALATED,attempt=2
1755091452472,pool-1-thread-3,C0022,P1022,NEW->IN_PROGRESS,attempt=0
1755091452584,pool-1-thread-1,C0087,P1087,IN_PROGRESS->APPROVED,attempt=1
1755091452585,pool-1-thread-1,C0019,P1019,NEW->IN_PROGRESS,attempt=0
1755091452691,pool-1-thread-7,C0012,P1012,IN_PROGRESS->APPROVED,attempt=0
1755091452691,pool-1-thread-7,C0098,P1098,NEW->IN_PROGRESS,attempt=0
1755091452722,pool-1-thread-4,C0084,P1084,IN_PROGRESS->NEW,attempt=1
1755091452722,pool-1-thread-4,C0011,P1011,NEW->IN_PROGRESS,attempt=0
1755091452741,pool-1-thread-2,C0076,P1076,IN_PROGRESS->APPROVED,attempt=0
1755091452741,pool-1-thread-2,C0084,P1084,NEW->IN_PROGRESS,attempt=1
1755091452859,pool-1-thread-6,C0073,P1073,IN_PROGRESS->APPROVED,attempt=0
1755091452860,pool-1-thread-6,C0112,P1112,NEW->IN_PROGRESS,attempt=0
1755091452957,pool-1-thread-5,C0075,P1075,IN_PROGRESS->APPROVED,attempt=0
1755091452957,pool-1-thread-5,C0051,P1051,NEW->IN_PROGRESS,attempt=0
1755091452993,pool-1-thread-8,C0039,P1039,IN_PROGRESS->NEW,attempt=2
1755091452993,pool-1-thread-8,C0058,P1058,NEW->IN_PROGRESS,attempt=0
1755091453023,pool-1-thread-3,C0022,P1022,IN_PROGRESS->APPROVED,attempt=0
1755091453023,pool-1-thread-3,C0039,P1039,NEW->IN_PROGRESS,attempt=2
1755091453055,pool-1-thread-6,C0112,P1112,IN_PROGRESS->APPROVED,attempt=0
1755091453055,pool-1-thread-6,C0006,P1006,NEW->IN_PROGRESS,attempt=0
1755091453069,pool-1-thread-4,C0011,P1011,IN_PROGRESS->APPROVED,attempt=0
1755091453069,pool-1-thread-4,C0004,P1004,NEW->IN_PROGRESS,attempt=0
1755091453320,pool-1-thread-7,C0098,P1098,IN_PROGRESS->NEW,attempt=1
1755091453320,pool-1-thread-7,C0072,P1072,NEW->IN_PROGRESS,attempt=0
1755091453433,pool-1-thread-1,C0019,P1019,IN_PROGRESS->NEW,attempt=1
1755091453433,pool-1-thread-1,C0098,P1098,NEW->IN_PROGRESS,attempt=1
1755091453491,pool-1-thread-4,C0004,P1004,IN_PROGRESS->APPROVED,attempt=0
1755091453491,pool-1-thread-4,C0019,P1019,NEW->IN_PROGRESS,attempt=1
1755091453499,pool-1-thread-2,C0084,P1084,IN_PROGRESS->NEW,attempt=2
1755091453499,pool-1-thread-2,C0079,P1079,NEW->IN_PROGRESS,attempt=0
1755091453726,pool-1-thread-5,C0051,P1051,IN_PROGRESS->APPROVED,attempt=0
1755091453727,pool-1-thread-5,C0084,P1084,NEW->IN_PROGRESS,attempt=2
1755091453737,pool-1-thread-4,C0019,P1019,IN_PROGRESS->NEW,attempt=2
1755091453738,pool-1-thread-4,C0085,P1085,NEW->IN_PROGRESS,attempt=0
1755091453843,pool-1-thread-6,C0006,P1006,IN_PROGRESS->NEW,attempt=1
1755091453843,pool-1-thread-6,C0019,P1019,NEW->IN_PROGRESS,attempt=2
1755091453852,pool-1-thread-1,C0098,P1098,IN_PROGRESS->NEW,attempt=2
1755091453852,pool-1-thread-1,C0006,P1006,NEW->IN_PROGRESS,attempt=1
1755091454041,pool-1-thread-8,C0058,P1058,IN_PROGRESS->NEW,attempt=1
1755091454042,pool-1-thread-8,C0098,P1098,NEW->IN_PROGRESS,attempt=2
1755091454079,pool-1-thread-3,C0039,P1039,IN_PROGRESS->NEW,attempt=3
1755091454080,pool-1-thread-3,C0058,P1058,NEW->IN_PROGRESS,attempt=1
1755091454106,pool-1-thread-5,C0084,P1084,IN_PROGRESS->APPROVED,attempt=2
1755091454106,pool-1-thread-5,C0039,P1039,NEW->IN_PROGRESS,attempt=3
1755091454123,pool-1-thread-2,C0079,P1079,IN_PROGRESS->APPROVED,attempt=0
1755091454123,pool-1-thread-2,C0044,P1044,NEW->IN_PROGRESS,attempt=0
1755091454298,pool-1-thread-7,C0072,P1072,IN_PROGRESS->NEW,attempt=1
1755091454299,pool-1-thread-7,C0013,P1013,NEW->IN_PROGRESS,attempt=0
1755091454326,pool-1-thread-1,C0006,P1006,IN_PROGRESS->APPROVED,attempt=1
1755091454327,pool-1-thread-1,C0072,P1072,NEW->IN_PROGRESS,attempt=1
1755091454417,pool-1-thread-6,C0019,P1019,IN_PROGRESS->APPROVED,attempt=2
1755091454418,pool-1-thread-6,C0092,P1092,NEW->IN_PROGRESS,attempt=0
1755091454483,pool-1-thread-1,C0072,P1072,IN_PROGRESS->NEW,attempt=2
1755091454483,pool-1-thread-1,C0026,P1026,NEW->IN_PROGRESS,attempt=0
1755091454589,pool-1-thread-4,C0085,P1085,IN_PROGRESS->NEW,attempt=1
1755091454589,pool-1-thread-4,C0072,P1072,NEW->IN_PROGRESS,attempt=2
1755091454815,pool-1-thread-8,C0098,P1098,IN_PROGRESS->NEW,attempt=3
1755091454815,pool-1-thread-8,C0085,P1085,NEW->IN_PROGRESS,attempt=1
1755091454851,pool-1-thread-2,C0044,P1044,IN_PROGRESS->APPROVED,attempt=0
1755091454852,pool-1-thread-2,C0098,P1098,NEW->IN_PROGRESS,attempt=3
1755091454923,pool-1-thread-4,C0072,P1072,IN_PROGRESS->APPROVED,attempt=2
1755091454924,pool-1-thread-4,C0030,P1030,NEW->IN_PROGRESS,attempt=0
1755091454959,pool-1-thread-1,C0026,P1026,IN_PROGRESS->FAILED_PERMANENT,attempt=0
1755091454959,pool-1-thread-1,C0049,P1049,NEW->IN_PROGRESS,attempt=0
1755091454997,pool-1-thread-5,C0039,P1039,IN_PROGRESS->REJECTED,attempt=4
1755091454997,pool-1-thread-5,C0002,P1002,NEW->IN_PROGRESS,attempt=0
1755091455038,pool-1-thread-2,C0098,P1098,IN_PROGRESS->APPROVED,attempt=3
1755091455038,pool-1-thread-2,C0078,P1078,NEW->IN_PROGRESS,attempt=0
1755091455116,pool-1-thread-3,C0058,P1058,IN_PROGRESS->NEW,attempt=2
1755091455116,pool-1-thread-3,C0057,P1057,NEW->IN_PROGRESS,attempt=0
1755091455168,pool-1-thread-5,C0002,P1002,IN_PROGRESS->APPROVED,attempt=0
1755091455168,pool-1-thread-5,C0058,P1058,NEW->IN_PROGRESS,attempt=2
1755091455234,pool-1-thread-6,C0092,P1092,IN_PROGRESS->NEW,attempt=1
1755091455234,pool-1-thread-6,C0052,P1052,NEW->IN_PROGRESS,attempt=0
1755091455276,pool-1-thread-7,C0013,P1013,IN_PROGRESS->NEW,attempt=1
1755091455277,pool-1-thread-7,C0092,P1092,NEW->IN_PROGRESS,attempt=1
1755091455376,pool-1-thread-3,C0057,P1057,IN_PROGRESS->APPROVED,attempt=0
1755091455377,pool-1-thread-3,C0013,P1013,NEW->IN_PROGRESS,attempt=1
1755091455594,pool-1-thread-7,C0092,P1092,IN_PROGRESS->APPROVED,attempt=1
1755091455594,pool-1-thread-7,C0059,P1059,NEW->IN_PROGRESS,attempt=0
1755091455829,pool-1-thread-1,C0049,P1049,IN_PROGRESS->NEW,attempt=1
1755091455829,pool-1-thread-1,C0038,P1038,NEW->IN_PROGRESS,attempt=0
1755091455887,pool-1-thread-7,C0059,P1059,IN_PROGRESS->APPROVED,attempt=0
1755091455887,pool-1-thread-7,C0049,P1049,NEW->IN_PROGRESS,attempt=1
1755091455888,pool-1-thread-8,C0085,P1085,IN_PROGRESS->NEW,attempt=2
1755091455888,pool-1-thread-8,C0071,P1071,NEW->IN_PROGRESS,attempt=0
1755091455902,pool-1-thread-4,C0030,P1030,IN_PROGRESS->NEW,attempt=1
1755091455902,pool-1-thread-4,C0085,P1085,NEW->IN_PROGRESS,attempt=2
1755091455932,pool-1-thread-2,C0078,P1078,IN_PROGRESS->NEW,attempt=1
1755091455932,pool-1-thread-2,C0030,P1030,NEW->IN_PROGRESS,attempt=1
1755091456035,pool-1-thread-5,C0058,P1058,IN_PROGRESS->NEW,attempt=3
1755091456035,pool-1-thread-5,C0078,P1078,NEW->IN_PROGRESS,attempt=1
1755091456074,pool-1-thread-2,C0030,P1030,IN_PROGRESS->FAILED_PERMANENT,attempt=1
1755091456075,pool-1-thread-2,C0058,P1058,NEW->IN_PROGRESS,attempt=3
1755091456126,pool-1-thread-1,C0038,P1038,IN_PROGRESS->APPROVED,attempt=0
1755091456126,pool-1-thread-1,C0010,P1010,NEW->IN_PROGRESS,attempt=0
1755091456193,pool-1-thread-8,C0071,P1071,IN_PROGRESS->APPROVED,attempt=0
1755091456193,pool-1-thread-8,C0114,P1114,NEW->IN_PROGRESS,attempt=0
1755091456256,pool-1-thread-6,C0052,P1052,IN_PROGRESS->NEW,attempt=1
1755091456256,pool-1-thread-6,C0040,P1040,NEW->IN_PROGRESS,attempt=0
1755091456400,pool-1-thread-3,C0013,P1013,IN_PROGRESS->NEW,attempt=2
1755091456401,pool-1-thread-3,C0052,P1052,NEW->IN_PROGRESS,attempt=1
1755091456519,pool-1-thread-1,C0010,P1010,IN_PROGRESS->NEW,attempt=1
1755091456519,pool-1-thread-1,C0013,P1013,NEW->IN_PROGRESS,attempt=2
1755091456588,pool-1-thread-7,C0049,P1049,IN_PROGRESS->APPROVED,attempt=1
1755091456588,pool-1-thread-7,C0010,P1010,NEW->IN_PROGRESS,attempt=1
1755091456631,pool-1-thread-8,C0114,P1114,IN_PROGRESS->APPROVED,attempt=0
1755091456631,pool-1-thread-8,C0063,P1063,NEW->IN_PROGRESS,attempt=0
1755091456694,pool-1-thread-7,C0010,P1010,IN_PROGRESS->FAILED_PERMANENT,attempt=1
1755091456695,pool-1-thread-7,C0097,P1097,NEW->IN_PROGRESS,attempt=0
1755091456706,pool-1-thread-5,C0078,P1078,IN_PROGRESS->APPROVED,attempt=1
1755091456706,pool-1-thread-5,C0042,P1042,NEW->IN_PROGRESS,attempt=0
1755091456714,pool-1-thread-2,C0058,P1058,IN_PROGRESS->APPROVED,attempt=3
1755091456714,pool-1-thread-2,C0054,P1054,NEW->IN_PROGRESS,attempt=0
1755091456770,pool-1-thread-4,C0085,P1085,IN_PROGRESS->NEW,attempt=3
1755091456770,pool-1-thread-4,C0003,P1003,NEW->IN_PROGRESS,attempt=0
1755091456872,pool-1-thread-2,C0054,P1054,IN_PROGRESS->APPROVED,attempt=0
1755091456872,pool-1-thread-2,C0085,P1085,NEW->IN_PROGRESS,attempt=3
1755091457017,pool-1-thread-3,C0052,P1052,IN_PROGRESS->APPROVED,attempt=1
1755091457017,pool-1-thread-3,C0032,P1032,NEW->IN_PROGRESS,attempt=0
1755091457046,pool-1-thread-4,C0003,P1003,IN_PROGRESS->APPROVED,attempt=0
1755091457046,pool-1-thread-4,C0081,P1081,NEW->IN_PROGRESS,attempt=0
1755091457065,pool-1-thread-8,C0063,P1063,IN_PROGRESS->NEW,attempt=1
1755091457065,pool-1-thread-8,C0021,P1021,NEW->IN_PROGRESS,attempt=0
1755091457125,pool-1-thread-7,C0097,P1097,IN_PROGRESS->APPROVED,attempt=0
1755091457125,pool-1-thread-7,C0063,P1063,NEW->IN_PROGRESS,attempt=1
1755091457140,pool-1-thread-1,C0013,P1013,IN_PROGRESS->APPROVED,attempt=2
1755091457140,pool-1-thread-1,C0056,P1056,NEW->IN_PROGRESS,attempt=0
1755091457205,pool-1-thread-4,C0081,P1081,IN_PROGRESS->NEW,attempt=1
1755091457205,pool-1-thread-4,C0046,P1046,NEW->IN_PROGRESS,attempt=0
1755091457215,pool-1-thread-6,C0040,P1040,IN_PROGRESS->NEW,attempt=1
1755091457215,pool-1-thread-6,C0081,P1081,NEW->IN_PROGRESS,attempt=1
1755091457276,pool-1-thread-2,C0085,P1085,IN_PROGRESS->APPROVED,attempt=3
1755091457276,pool-1-thread-2,C0040,P1040,NEW->IN_PROGRESS,attempt=1
1755091457326,pool-1-thread-8,C0021,P1021,IN_PROGRESS->APPROVED,attempt=0
1755091457326,pool-1-thread-8,C0067,P1067,NEW->IN_PROGRESS,attempt=0
1755091457339,pool-1-thread-3,C0032,P1032,IN_PROGRESS->APPROVED,attempt=0
1755091457339,pool-1-thread-3,C0009,P1009,NEW->IN_PROGRESS,attempt=0
1755091457414,pool-1-thread-1,C0056,P1056,IN_PROGRESS->APPROVED,attempt=0
1755091457414,pool-1-thread-1,C0031,P1031,NEW->IN_PROGRESS,attempt=0
1755091457440,pool-1-thread-5,C0042,P1042,IN_PROGRESS->APPROVED,attempt=0
1755091457440,pool-1-thread-5,C0100,P1100,NEW->IN_PROGRESS,attempt=0
1755091457493,pool-1-thread-3,C0009,P1009,IN_PROGRESS->APPROVED,attempt=0
1755091457493,pool-1-thread-3,C0008,P1008,NEW->IN_PROGRESS,attempt=0
1755091457670,pool-1-thread-8,C0067,P1067,IN_PROGRESS->APPROVED,attempt=0
1755091457671,pool-1-thread-8,C0090,P1090,NEW->IN_PROGRESS,attempt=0
1755091457701,pool-1-thread-7,C0063,P1063,IN_PROGRESS->NEW,attempt=2
1755091457701,pool-1-thread-7,C0119,P1119,NEW->IN_PROGRESS,attempt=0
1755091457714,pool-1-thread-5,C0100,P1100,IN_PROGRESS->FAILED_PERMANENT,attempt=0
1755091457715,pool-1-thread-5,C0117,P1117,NEW->IN_PROGRESS,attempt=0
1755091457780,pool-1-thread-6,C0081,P1081,IN_PROGRESS->NEW,attempt=2
1755091457780,pool-1-thread-6,C0063,P1063,NEW->IN_PROGRESS,attempt=2
1755091457802,pool-1-thread-1,C0031,P1031,IN_PROGRESS->APPROVED,attempt=0
1755091457802,pool-1-thread-1,C0081,P1081,NEW->IN_PROGRESS,attempt=2
1755091457989,pool-1-thread-5,C0117,P1117,IN_PROGRESS->APPROVED,attempt=0
1755091457989,pool-1-thread-5,C0033,P1033,NEW->IN_PROGRESS,attempt=0
1755091457990,pool-1-thread-4,C0046,P1046,IN_PROGRESS->APPROVED,attempt=0
1755091457991,pool-1-thread-4,C0027,P1027,NEW->IN_PROGRESS,attempt=0
1755091458098,pool-1-thread-6,C0063,P1063,IN_PROGRESS->APPROVED,attempt=2
1755091458099,pool-1-thread-6,C0023,P1023,NEW->IN_PROGRESS,attempt=0
1755091458270,pool-1-thread-2,C0040,P1040,IN_PROGRESS->NEW,attempt=2
1755091458271,pool-1-thread-2,C0105,P1105,NEW->IN_PROGRESS,attempt=0
1755091458281,pool-1-thread-8,C0090,P1090,IN_PROGRESS->APPROVED,attempt=0
1755091458281,pool-1-thread-8,C0040,P1040,NEW->IN_PROGRESS,attempt=2
1755091458421,pool-1-thread-6,C0023,P1023,IN_PROGRESS->APPROVED,attempt=0
1755091458422,pool-1-thread-6,C0083,P1083,NEW->IN_PROGRESS,attempt=0
1755091458423,pool-1-thread-7,C0119,P1119,IN_PROGRESS->NEW,attempt=1
1755091458424,pool-1-thread-7,C0082,P1082,NEW->IN_PROGRESS,attempt=0
1755091458460,pool-1-thread-3,C0008,P1008,IN_PROGRESS->NEW,attempt=1
1755091458460,pool-1-thread-3,C0119,P1119,NEW->IN_PROGRESS,attempt=1
1755091458686,pool-1-thread-4,C0027,P1027,IN_PROGRESS->NEW,attempt=1
1755091458686,pool-1-thread-4,C0008,P1008,NEW->IN_PROGRESS,attempt=1
1755091458801,pool-1-thread-1,C0081,P1081,IN_PROGRESS->NEW,attempt=3
1755091458801,pool-1-thread-1,C0027,P1027,NEW->IN_PROGRESS,attempt=1
1755091458862,pool-1-thread-8,C0040,P1040,IN_PROGRESS->APPROVED,attempt=2
1755091458862,pool-1-thread-8,C0081,P1081,NEW->IN_PROGRESS,attempt=3
1755091458957,pool-1-thread-3,C0119,P1119,IN_PROGRESS->ESCALATED,attempt=1
1755091458958,pool-1-thread-3,C0036,P1036,NEW->IN_PROGRESS,attempt=0
1755091459090,pool-1-thread-5,C0033,P1033,IN_PROGRESS->NEW,attempt=1
1755091459091,pool-1-thread-5,C0094,P1094,NEW->IN_PROGRESS,attempt=0
1755091459117,pool-1-thread-2,C0105,P1105,IN_PROGRESS->NEW,attempt=1
1755091459117,pool-1-thread-2,C0101,P1101,NEW->IN_PROGRESS,attempt=0
1755091459142,pool-1-thread-4,C0008,P1008,IN_PROGRESS->APPROVED,attempt=1
1755091459142,pool-1-thread-4,C0033,P1033,NEW->IN_PROGRESS,attempt=1
1755091459143,pool-1-thread-1,C0027,P1027,IN_PROGRESS->APPROVED,attempt=1
1755091459143,pool-1-thread-1,C0105,P1105,NEW->IN_PROGRESS,attempt=1
1755091459172,pool-1-thread-3,C0036,P1036,IN_PROGRESS->APPROVED,attempt=0
1755091459172,pool-1-thread-3,C0120,P1120,NEW->IN_PROGRESS,attempt=0
1755091459237,pool-1-thread-8,C0081,P1081,IN_PROGRESS->REJECTED,attempt=4
1755091459238,pool-1-thread-8,C0034,P1034,NEW->IN_PROGRESS,attempt=0
1755091459257,pool-1-thread-6,C0083,P1083,IN_PROGRESS->NEW,attempt=1
1755091459257,pool-1-thread-6,C0080,P1080,NEW->IN_PROGRESS,attempt=0
1755091459265,pool-1-thread-7,C0082,P1082,IN_PROGRESS->NEW,attempt=1
1755091459266,pool-1-thread-7,C0061,P1061,NEW->IN_PROGRESS,attempt=0
1755091459406,pool-1-thread-3,C0120,P1120,IN_PROGRESS->APPROVED,attempt=0
1755091459406,pool-1-thread-3,C0083,P1083,NEW->IN_PROGRESS,attempt=1
1755091459491,pool-1-thread-7,C0061,P1061,IN_PROGRESS->APPROVED,attempt=0
1755091459491,pool-1-thread-7,C0082,P1082,NEW->IN_PROGRESS,attempt=1
1755091459501,pool-1-thread-2,C0101,P1101,IN_PROGRESS->NEW,attempt=1
1755091459501,pool-1-thread-2,C0047,P1047,NEW->IN_PROGRESS,attempt=0
1755091459543,pool-1-thread-5,C0094,P1094,IN_PROGRESS->FAILED_PERMANENT,attempt=0
1755091459543,pool-1-thread-5,C0101,P1101,NEW->IN_PROGRESS,attempt=1
1755091459557,pool-1-thread-1,C0105,P1105,IN_PROGRESS->APPROVED,attempt=1
1755091459557,pool-1-thread-1,C0096,P1096,NEW->IN_PROGRESS,attempt=0
1755091459581,pool-1-thread-6,C0080,P1080,IN_PROGRESS->APPROVED,attempt=0
1755091459581,pool-1-thread-6,C0048,P1048,NEW->IN_PROGRESS,attempt=0
1755091459648,pool-1-thread-2,C0047,P1047,IN_PROGRESS->NEW,attempt=1
1755091459648,pool-1-thread-2,C0060,P1060,NEW->IN_PROGRESS,attempt=0
1755091459655,pool-1-thread-8,C0034,P1034,IN_PROGRESS->ESCALATED,attempt=0
1755091459655,pool-1-thread-8,C0069,P1069,NEW->IN_PROGRESS,attempt=0
1755091459781,pool-1-thread-7,C0082,P1082,IN_PROGRESS->FAILED_PERMANENT,attempt=1
1755091459782,pool-1-thread-7,C0047,P1047,NEW->IN_PROGRESS,attempt=1
1755091459786,pool-1-thread-6,C0048,P1048,IN_PROGRESS->APPROVED,attempt=0
1755091459786,pool-1-thread-6,C0041,P1041,NEW->IN_PROGRESS,attempt=0
1755091459834,pool-1-thread-4,C0033,P1033,IN_PROGRESS->APPROVED,attempt=1
1755091459834,pool-1-thread-4,C0074,P1074,NEW->IN_PROGRESS,attempt=0
1755091459881,pool-1-thread-8,C0069,P1069,IN_PROGRESS->APPROVED,attempt=0
1755091459881,pool-1-thread-8,C0043,P1043,NEW->IN_PROGRESS,attempt=0
1755091459948,pool-1-thread-3,C0083,P1083,IN_PROGRESS->FAILED_PERMANENT,attempt=1
1755091459948,pool-1-thread-3,C0014,P1014,NEW->IN_PROGRESS,attempt=0
1755091460026,pool-1-thread-4,C0074,P1074,IN_PROGRESS->NEW,attempt=1
1755091460026,pool-1-thread-4,C0091,P1091,NEW->IN_PROGRESS,attempt=0
1755091460141,pool-1-thread-1,C0096,P1096,IN_PROGRESS->NEW,attempt=1
1755091460142,pool-1-thread-1,C0074,P1074,NEW->IN_PROGRESS,attempt=1
1755091460197,pool-1-thread-5,C0101,P1101,IN_PROGRESS->APPROVED,attempt=1
1755091460197,pool-1-thread-5,C0096,P1096,NEW->IN_PROGRESS,attempt=1
1755091460284,pool-1-thread-6,C0041,P1041,IN_PROGRESS->APPROVED,attempt=0
1755091460453,pool-1-thread-8,C0043,P1043,IN_PROGRESS->FAILED_PERMANENT,attempt=0
1755091460479,pool-1-thread-3,C0014,P1014,IN_PROGRESS->NEW,attempt=1
1755091460500,pool-1-thread-6,C0014,P1014,NEW->IN_PROGRESS,attempt=1
1755091460573,pool-1-thread-2,C0060,P1060,IN_PROGRESS->NEW,attempt=1
1755091460601,pool-1-thread-8,C0060,P1060,NEW->IN_PROGRESS,attempt=1
1755091460852,pool-1-thread-7,C0047,P1047,IN_PROGRESS->NEW,attempt=2
1755091460865,pool-1-thread-2,C0047,P1047,NEW->IN_PROGRESS,attempt=2
1755091460881,pool-1-thread-6,C0014,P1014,IN_PROGRESS->APPROVED,attempt=1
1755091460930,pool-1-thread-4,C0091,P1091,IN_PROGRESS->NEW,attempt=1
1755091460933,pool-1-thread-3,C0091,P1091,NEW->IN_PROGRESS,attempt=1
1755091460983,pool-1-thread-8,C0060,P1060,IN_PROGRESS->APPROVED,attempt=1
1755091461045,pool-1-thread-1,C0074,P1074,IN_PROGRESS->NEW,attempt=2
1755091461069,pool-1-thread-7,C0074,P1074,NEW->IN_PROGRESS,attempt=2
1755091461090,pool-1-thread-5,C0096,P1096,IN_PROGRESS->NEW,attempt=2
1755091461105,pool-1-thread-6,C0096,P1096,NEW->IN_PROGRESS,attempt=2
1755091461348,pool-1-thread-7,C0074,P1074,IN_PROGRESS->ESCALATED,attempt=2
1755091461689,pool-1-thread-2,C0047,P1047,IN_PROGRESS->NEW,attempt=3
1755091461698,pool-1-thread-6,C0096,P1096,IN_PROGRESS->APPROVED,attempt=2
1755091461709,pool-1-thread-4,C0047,P1047,NEW->IN_PROGRESS,attempt=3
1755091461891,pool-1-thread-3,C0091,P1091,IN_PROGRESS->NEW,attempt=2
1755091461907,pool-1-thread-7,C0091,P1091,NEW->IN_PROGRESS,attempt=2
1755091461914,pool-1-thread-4,C0047,P1047,IN_PROGRESS->APPROVED,attempt=3
1755091462895,pool-1-thread-7,C0091,P1091,IN_PROGRESS->NEW,attempt=3
1755091462923,pool-1-thread-3,C0091,P1091,NEW->IN_PROGRESS,attempt=3
1755091463884,pool-1-thread-3,C0091,P1091,IN_PROGRESS->REJECTED,attempt=4
